This is pdfTeX, Version 3.1415926-2.5-1.40.14 (TeX Live 2013/Debian) (format=pdflatex 2014.9.7)  23 SEP 2014 22:13
entering extended mode
 restricted \write18 enabled.
 %&-line parsing enabled.
**research_proposal.tex
(./research_proposal.tex
LaTeX2e <2011/06/27>
Babel <3.9h> and hyphenation patterns for 4 languages loaded.
(/usr/share/texlive/texmf-dist/tex/latex/base/article.cls
Document Class: article 2007/10/19 v1.4h Standard LaTeX document class
(/usr/share/texlive/texmf-dist/tex/latex/base/size11.clo
File: size11.clo 2007/10/19 v1.4h Standard LaTeX file (size option)
)
\c@part=\count79
\c@section=\count80
\c@subsection=\count81
\c@subsubsection=\count82
\c@paragraph=\count83
\c@subparagraph=\count84
\c@figure=\count85
\c@table=\count86
\abovecaptionskip=\skip41
\belowcaptionskip=\skip42
\bibindent=\dimen102
)
(/usr/share/texlive/texmf-dist/tex/latex/multirow/multirow.sty
\bigstrutjot=\dimen103
)
(./research_proposal.aux)
\openout1 = `research_proposal.aux'.

LaTeX Font Info:    Checking defaults for OML/cmm/m/it on input line 11.
LaTeX Font Info:    ... okay on input line 11.
LaTeX Font Info:    Checking defaults for T1/cmr/m/n on input line 11.
LaTeX Font Info:    ... okay on input line 11.
LaTeX Font Info:    Checking defaults for OT1/cmr/m/n on input line 11.
LaTeX Font Info:    ... okay on input line 11.
LaTeX Font Info:    Checking defaults for OMS/cmsy/m/n on input line 11.
LaTeX Font Info:    ... okay on input line 11.
LaTeX Font Info:    Checking defaults for OMX/cmex/m/n on input line 11.
LaTeX Font Info:    ... okay on input line 11.
LaTeX Font Info:    Checking defaults for U/cmr/m/n on input line 11.
LaTeX Font Info:    ... okay on input line 11.
LaTeX Font Info:    External font `cmex10' loaded for size
(Font)              <12> on input line 13.
LaTeX Font Info:    External font `cmex10' loaded for size
(Font)              <8> on input line 13.
LaTeX Font Info:    External font `cmex10' loaded for size
(Font)              <6> on input line 13.
LaTeX Font Info:    Try loading font information for OMS+cmr on input line 13.

(/usr/share/texlive/texmf-dist/tex/latex/base/omscmr.fd
File: omscmr.fd 1999/05/25 v2.5h Standard LaTeX font definitions
)
LaTeX Font Info:    Font shape `OMS/cmr/m/n' in size <12> not available
(Font)              Font shape `OMS/cmsy/m/n' tried instead on input line 13.

(./sections/background.tex
LaTeX Font Info:    Font shape `OMS/cmr/m/n' in size <10.95> not available
(Font)              Font shape `OMS/cmsy/m/n' tried instead on input line 5.
) (./sections/research_question.tex)
(./sections/methodological_approach.tex [1

{/var/lib/texmf/fonts/map/pdftex/updmap/pdftex.map}]
LaTeX Font Info:    External font `cmex10' loaded for size
(Font)              <10.95> on input line 24.
) (./sections/results.tex [2]) (./sections/plan.tex
Underfull \hbox (badness 10000) in paragraph at lines 2--6

 []


Underfull \hbox (badness 10000) in paragraph at lines 13--13
\OT1/cmr/m/n/10.95 team on their
 []


Underfull \hbox (badness 1968) in paragraph at lines 13--13
\OT1/cmr/m/n/10.95 find-ings and to-
 []


Underfull \hbox (badness 6927) in paragraph at lines 13--13
\OT1/cmr/m/n/10.95 start mak-ing a
 []


Underfull \hbox (badness 10000) in paragraph at lines 13--13
\OT1/cmr/m/n/10.95 tis-ti-cal anal-y-sis
 []


Underfull \hbox (badness 10000) in paragraph at lines 13--13
\OT1/cmr/m/n/10.95 +and in-ter-pret
 []


Underfull \hbox (badness 1077) in paragraph at lines 13--13
\OT1/cmr/m/n/10.95 on both num-ber
 []


Underfull \hbox (badness 1043) in paragraph at lines 13--13
\OT1/cmr/m/n/10.95 and graphs/seek,
 []


Underfull \hbox (badness 7415) in paragraph at lines 13--13
\OT1/cmr/m/n/10.95 pos-si-ble in-depth
 []


Underfull \hbox (badness 2980) in paragraph at lines 13--13
\OT1/cmr/m/n/10.95 vi-ous stage and
 []


Underfull \hbox (badness 10000) in paragraph at lines 13--13
\OT1/cmr/m/n/10.95 two ap-proaches
 []


Underfull \hbox (badness 1755) in paragraph at lines 13--13
\OT1/cmr/m/n/10.95 cal anal-y-sis and
 []


Underfull \hbox (badness 1968) in paragraph at lines 13--13
\OT1/cmr/m/n/10.95 gen-er-ate the re-
 []


Underfull \hbox (badness 1755) in paragraph at lines 13--13
[]\OT1/cmr/m/n/10.95 All 3 of us in-
 []


Underfull \hbox (badness 1137) in paragraph at lines 13--13
\OT1/cmr/m/n/10.95 and put the re-
 []


Underfull \hbox (badness 3679) in paragraph at lines 13--13
\OT1/cmr/m/n/10.95 sults in graphs,
 []


Underfull \hbox (badness 2573) in paragraph at lines 13--13
\OT1/cmr/m/n/10.95 gets). Do the
 []


Overfull \vbox (81.60005pt too high) detected at line 13
 []


Overfull \hbox (12.0pt too wide) in paragraph at lines 13--13
[][]| 
 []


Overfull \hbox (120.86693pt too wide) in paragraph at lines 13--13
[][]| 
 []


Underfull \hbox (badness 10000) in paragraph at lines 14--14
\OT1/cmr/m/n/10.95 an ap-pro-pri-ate
 []


Underfull \hbox (badness 10000) in paragraph at lines 14--14
\OT1/cmr/m/n/10.95 for-mat(vector,
 []


Underfull \hbox (badness 1009) in paragraph at lines 14--14
\OT1/cmr/m/n/10.95 anal-y-sis, iden-tify
 []


Underfull \hbox (badness 10000) in paragraph at lines 14--14
\OT1/cmr/m/n/10.95 and test tools
 []


Underfull \hbox (badness 6775) in paragraph at lines 14--14
\OT1/cmr/m/n/10.95 to be used to
 []


Underfull \hbox (badness 10000) in paragraph at lines 14--14
\OT1/cmr/m/n/10.95 gen-er-ate graphs
 []


Overfull \hbox (231.61418pt too wide) in paragraph at lines 14--14
[][]| 
 []


Underfull \hbox (badness 5302) in paragraph at lines 15--15
\OT1/cmr/m/n/10.95 sources of data
 []


Underfull \hbox (badness 6978) in paragraph at lines 15--15
\OT1/cmr/m/n/10.95 & ex-tract rel-e-
 []


Underfull \hbox (badness 1577) in paragraph at lines 15--15
\OT1/cmr/m/n/10.95 seek for cor-re-la-
 []


Overfull \hbox (26.47043pt too wide) in paragraph at lines 10--17
[][] 
 []


LaTeX Warning: `h' float specifier changed to `ht'.

)

LaTeX Warning: Citation `Author2010' on page 3 undefined on input line 29.

No file research_proposal.bbl.
[3] [4] (./research_proposal.aux)

LaTeX Warning: There were undefined references.

 ) 
Here is how much of TeX's memory you used:
 288 strings out of 494985
 3652 string characters out of 6180357
 56099 words of memory out of 5000000
 3555 multiletter control sequences out of 15000+600000
 9118 words of font info for 32 fonts, out of 8000000 for 9000
 36 hyphenation exceptions out of 8191
 23i,18n,21p,874b,307s stack positions out of 5000i,500n,10000p,200000b,80000s
</usr/share/texlive/texmf-dist/fonts/type1/public/amsfonts/cm/cmbx10.pfb></us
r/share/texlive/texmf-dist/fonts/type1/public/amsfonts/cm/cmbx12.pfb></usr/shar
e/texlive/texmf-dist/fonts/type1/public/amsfonts/cm/cmr10.pfb></usr/share/texli
ve/texmf-dist/fonts/type1/public/amsfonts/cm/cmr12.pfb></usr/share/texlive/texm
f-dist/fonts/type1/public/amsfonts/cm/cmsy10.pfb>
Output written on research_proposal.pdf (4 pages, 77412 bytes).
PDF statistics:
 37 PDF objects out of 1000 (max. 8388607)
 25 compressed objects within 1 object stream
 0 named destinations out of 1000 (max. 500000)
 1 words of extra memory for PDF output out of 10000 (max. 10000000)

